<?xml version="1.0" encoding="UTF-8"?>
<!-- Generated by org.testng.reporters.JUnitReportReporter -->
<testsuite hostname="LAPTOP-SB9V4T36" failures="0" tests="3" name="TestNG_DataProvider.DataProviderr" time="9.950" errors="0" timestamp="2025-04-04T11:27:54 IST" skipped="0">
  <testcase classname="TestNG_DataProvider.DataProviderr" name="Login" time="3.769"/>
  <testcase classname="TestNG_DataProvider.DataProviderr" name="Login" time="2.933"/>
  <testcase classname="TestNG_DataProvider.DataProviderr" name="Login" time="3.248"/>
</testsuite> <!-- TestNG_DataProvider.DataProviderr -->
