<?xml version="1.0" encoding="UTF-8"?>
<!-- Generated by org.testng.reporters.JUnitReportReporter -->
<testsuite hostname="LAPTOP-SB9V4T36" failures="0" tests="1" name="TestNG_batchTesting.Ferrari" time="4.867" errors="0" timestamp="2025-04-14T01:04:46 IST" skipped="0">
  <testcase classname="TestNG_batchTesting.Ferrari" name="ferrari" time="4.867">
    <system-out>
      <![CDATA[lamborginin launch successfull]]>
    </system-out>
  </testcase> <!-- ferrari -->
  <system-out>
    <![CDATA[bmw launch successfull
lamborginin launch successfull
audi launch successfull]]>
  </system-out>
</testsuite> <!-- TestNG_batchTesting.Ferrari -->
