<?xml version="1.0" encoding="UTF-8"?>
<!-- Generated by org.testng.reporters.JUnitReportReporter -->
<testsuite hostname="LAPTOP-SB9V4T36" failures="0" tests="1" name="TestNG_annotationconfiguration.TC01" time="4.766" errors="0" timestamp="2025-04-03T11:21:39 IST" skipped="0">
  <testcase classname="TestNG_annotationconfiguration.TC01" name="clickbook" time="4.766">
    <system-out>
      <![CDATA[ok]]>
    </system-out>
  </testcase> <!-- clickbook -->
  <system-out>
    <![CDATA[ok]]>
  </system-out>
</testsuite> <!-- TestNG_annotationconfiguration.TC01 -->
