<?xml version="1.0" encoding="UTF-8"?>
<!-- Generated by org.testng.reporters.JUnitReportReporter -->
<testsuite hostname="LAPTOP-SB9V4T36" failures="0" tests="3" name="MTestng.DataProvider" time="21.392" errors="0" timestamp="2025-03-29T20:19:38 IST" skipped="0">
  <testcase classname="MTestng.DataProvider" name="test" time="4.237"/>
  <testcase classname="MTestng.DataProvider" name="test" time="5.172"/>
  <testcase classname="MTestng.DataProvider" name="test" time="11.983"/>
  <system-out>
    <![CDATA[lamborginin launch successfull
bmw launch successfull
audi launch successfull]]>
  </system-out>
</testsuite> <!-- MTestng.DataProvider -->
