<?xml version="1.0" encoding="UTF-8"?>
<!-- Generated by org.testng.reporters.JUnitReportReporter -->
<testsuite hostname="LAPTOP-SB9V4T36" failures="0" tests="2" name="TestNG.DependsOnMethod" time="11.144" errors="0" timestamp="2025-04-10T01:36:51 IST" skipped="0">
  <testcase classname="TestNG.DependsOnMethod" name="register" time="6.451"/>
  <testcase classname="TestNG.DependsOnMethod" name="login" time="4.693"/>
</testsuite> <!-- TestNG.DependsOnMethod -->
