<?xml version="1.0" encoding="UTF-8"?>
<!-- Generated by org.testng.reporters.JUnitReportReporter -->
<testsuite hostname="LAPTOP-SB9V4T36" failures="0" tests="1" name="TestNG_batchTesting.Audi" time="7.213" errors="0" timestamp="2025-03-29T20:19:38 IST" skipped="0">
  <testcase classname="TestNG_batchTesting.Audi" name="AUDI" time="7.213">
    <system-out>
      <![CDATA[audi launch successfull]]>
    </system-out>
  </testcase> <!-- AUDI -->
  <system-out>
    <![CDATA[lamborginin launch successfull
bmw launch successfull
audi launch successfull]]>
  </system-out>
</testsuite> <!-- TestNG_batchTesting.Audi -->
