<?xml version="1.0" encoding="UTF-8"?>
<!-- Generated by org.testng.reporters.JUnitReportReporter -->
<testsuite hostname="LAPTOP-SB9V4T36" failures="0" tests="1" name="TestNG_Assertion.SoftAssert" time="8.281" errors="0" timestamp="2025-04-03T11:30:03 IST" skipped="0">
  <testcase classname="TestNG_Assertion.SoftAssert" name="Login" time="8.281">
    <system-out>
      <![CDATA[login opage displayed ]]>
    </system-out>
  </testcase> <!-- Login -->
  <system-out>
    <![CDATA[login opage displayed ]]>
  </system-out>
</testsuite> <!-- TestNG_Assertion.SoftAssert -->
