<?xml version="1.0" encoding="UTF-8"?>
<!-- Generated by org.testng.reporters.JUnitReportReporter -->
<testsuite hostname="LAPTOP-SB9V4T36" failures="0" tests="1" name="TestNG_batchTesting.Audi" time="7.963" errors="0" timestamp="2025-04-14T01:04:46 IST" skipped="0">
  <testcase classname="TestNG_batchTesting.Audi" name="AUDI" time="7.963">
    <system-out>
      <![CDATA[audi launch successfull]]>
    </system-out>
  </testcase> <!-- AUDI -->
  <system-out>
    <![CDATA[bmw launch successfull
lamborginin launch successfull
audi launch successfull]]>
  </system-out>
</testsuite> <!-- TestNG_batchTesting.Audi -->
