<?xml version="1.0" encoding="UTF-8"?>
<!-- Generated by org.testng.reporters.JUnitReportReporter -->
<testsuite hostname="LAPTOP-SB9V4T36" failures="0" tests="1" name="TestNG_annotationconfiguration.AnnotationConfiguration" time="0.017" errors="0" timestamp="2025-04-03T11:50:58 IST" skipped="0">
  <testcase classname="TestNG_annotationconfiguration.AnnotationConfiguration" name="Demo" time="0.017">
    <system-out>
      <![CDATA[@TestDemo excuted]]>
    </system-out>
  </testcase> <!-- Demo -->
  <system-out>
    <![CDATA[@BeforeSuite
@Beforetest
@DemoBeforetDemo excuted
@TestDemo excuted
@afterMethod
@AfterSuite]]>
  </system-out>
</testsuite> <!-- TestNG_annotationconfiguration.AnnotationConfiguration -->
