<?xml version="1.0" encoding="UTF-8"?>
<!-- Generated by org.testng.reporters.JUnitReportReporter -->
<testsuite hostname="LAPTOP-SB9V4T36" failures="0" tests="4" name="MPARALLEL.GroupTesting" time="0.014" errors="0" timestamp="2025-03-29T20:19:38 IST" skipped="0">
  <testcase classname="MPARALLEL.GroupTesting" name="test4" time="0.002"/>
  <testcase classname="MPARALLEL.GroupTesting" name="test3" time="0.002"/>
  <testcase classname="MPARALLEL.GroupTesting" name="test1" time="0.006"/>
  <testcase classname="MPARALLEL.GroupTesting" name="test2" time="0.004"/>
  <system-out>
    <![CDATA[lamborginin launch successfull
bmw launch successfull
audi launch successfull]]>
  </system-out>
</testsuite> <!-- MPARALLEL.GroupTesting -->
