<?xml version="1.0" encoding="UTF-8"?>
<!-- Generated by org.testng.reporters.JUnitReportReporter -->
<testsuite hostname="LAPTOP-SB9V4T36" failures="0" tests="2" name="MBatchTesting.HomeScreenTest" time="0.000" errors="0" timestamp="2025-03-29T20:19:38 IST" skipped="0">
  <testcase classname="MBatchTesting.HomeScreenTest" name="LoginByemail" time="0.000"/>
  <testcase classname="MBatchTesting.HomeScreenTest" name="LoginByMobileNumbeer" time="0.000"/>
  <system-out>
    <![CDATA[lamborginin launch successfull
bmw launch successfull
audi launch successfull]]>
  </system-out>
</testsuite> <!-- MBatchTesting.HomeScreenTest -->
