<?xml version="1.0" encoding="UTF-8"?>
<!-- Generated by org.testng.reporters.JUnitReportReporter -->
<testsuite hostname="LAPTOP-SB9V4T36" failures="0" tests="2" name="TestNG.DependsOnMethod" time="10.543" errors="0" timestamp="2025-03-29T20:19:38 IST" skipped="0">
  <testcase classname="TestNG.DependsOnMethod" name="login" time="5.627"/>
  <testcase classname="TestNG.DependsOnMethod" name="register" time="4.916"/>
  <system-out>
    <![CDATA[lamborginin launch successfull
bmw launch successfull
audi launch successfull]]>
  </system-out>
</testsuite> <!-- TestNG.DependsOnMethod -->
