<?xml version="1.0" encoding="UTF-8"?>
<!-- Generated by org.testng.reporters.JUnitReportReporter -->
<testsuite hostname="LAPTOP-SB9V4T36" failures="0" tests="5" name="TestNG.Annotiontributes" time="35.116" errors="0" timestamp="2025-03-29T20:19:38 IST" skipped="1">
  <testcase classname="TestNG.Annotiontributes" name="register" time="9.642"/>
  <testcase classname="TestNG.Annotiontributes" name="register" time="6.386"/>
  <testcase classname="TestNG.Annotiontributes" name="register" time="9.650"/>
  <testcase classname="TestNG.Annotiontributes" name="register" time="9.438"/>
  <testcase classname="TestNG.Annotiontributes" name="login">
    <skipped/>
  </testcase> <!-- login -->
  <system-out>
    <![CDATA[lamborginin launch successfull
bmw launch successfull
audi launch successfull]]>
  </system-out>
</testsuite> <!-- TestNG.Annotiontributes -->
